 The initial damping parameter lambda is  1.0E+00
 The initial line search step size (in model units) is    10.000000
    START: f=1.025457E+02 m2=0.000000E+00 rms=  10.126486 lambda=1.000000E+00 alpha=2.000000E+01
     GRAD: initial norm of the gradient is 6.14861E+00
 The initial value of alpha updated to  1.62638E+00
Starting line search...
  STARTLS: f=5.509644E+01 m2=1.546073E-02 rms=   7.421656 lambda=1.000000E+00 alpha=1.626383E+00
   QUADLS: f=3.177658E+01 m2=7.416265E-02 rms=   5.630490 lambda=1.000000E+00 alpha=3.562054E+00
Sufficient decrease condition satisfied, exiting line search
Completed NLCG iteration     1
     with: f=3.177658E+01 m2=7.416265E-02 rms=   5.630490 lambda=1.000000E+00 alpha=3.781300E+00
Starting line search...
  STARTLS: f=2.487720E+01 m2=8.809260E-02 rms=   4.978866 lambda=1.000000E+00 alpha=3.781300E+00
   QUADLS: f=2.717512E+01 m2=5.310944E-01 rms=   5.161785 lambda=1.000000E+00 alpha=3.683494E+01
Sufficient decrease condition satisfied, exiting line search
Completed NLCG iteration     2
     with: f=2.487720E+01 m2=8.809260E-02 rms=   4.978866 lambda=1.000000E+00 alpha=7.246174E+00
Starting line search...
  STARTLS: f=1.730122E+01 m2=1.399943E-01 rms=   4.142611 lambda=1.000000E+00 alpha=7.246174E+00
   QUADLS: f=1.335040E+01 m2=3.218794E-01 rms=   3.609505 lambda=1.000000E+00 alpha=2.376339E+01
Sufficient decrease condition satisfied, exiting line search
Completed NLCG iteration     3
     with: f=1.335040E+01 m2=3.218794E-01 rms=   3.609505 lambda=1.000000E+00 alpha=1.887503E+01
Starting line search...
  STARTLS: f=6.571222E+00 m2=4.453391E-01 rms=   2.475052 lambda=1.000000E+00 alpha=1.887503E+01
   QUADLS: f=6.833774E+00 m2=4.606893E-01 rms=   2.524497 lambda=1.000000E+00 alpha=2.047434E+01
Sufficient decrease condition satisfied, exiting line search
Completed NLCG iteration     4
     with: f=6.571222E+00 m2=4.453391E-01 rms=   2.475052 lambda=1.000000E+00 alpha=2.055291E+01
Starting line search...
  STARTLS: f=5.002128E+00 m2=5.250898E-01 rms=   2.115901 lambda=1.000000E+00 alpha=2.055291E+01
   QUADLS: f=4.153998E+00 m2=4.873201E-01 rms=   1.914857 lambda=1.000000E+00 alpha=1.304675E+01
Sufficient decrease condition satisfied, exiting line search
Completed NLCG iteration     5
     with: f=4.153998E+00 m2=4.873201E-01 rms=   1.914857 lambda=1.000000E+00 alpha=1.358053E+01
Starting line search...
  STARTLS: f=3.019379E+00 m2=5.001780E-01 rms=   1.587199 lambda=1.000000E+00 alpha=1.358053E+01
   QUADLS: f=2.996392E+00 m2=4.986446E-01 rms=   1.580426 lambda=1.000000E+00 alpha=1.242475E+01
Sufficient decrease condition satisfied, exiting line search
Completed NLCG iteration     6
     with: f=2.996392E+00 m2=4.986446E-01 rms=   1.580426 lambda=1.000000E+00 alpha=1.269244E+01
Starting line search...
  STARTLS: f=2.625587E+00 m2=4.979255E-01 rms=   1.458651 lambda=1.000000E+00 alpha=1.269244E+01
   QUADLS: f=2.566243E+00 m2=5.001647E-01 rms=   1.437386 lambda=1.000000E+00 alpha=2.748381E+01
Sufficient decrease condition satisfied, exiting line search
Completed NLCG iteration     7
     with: f=2.566243E+00 m2=5.001647E-01 rms=   1.437386 lambda=1.000000E+00 alpha=2.287435E+01
Starting line search...
  STARTLS: f=2.484166E+00 m2=5.335028E-01 rms=   1.396662 lambda=1.000000E+00 alpha=2.287435E+01
   QUADLS: f=2.406965E+00 m2=5.187241E-01 rms=   1.374133 lambda=1.000000E+00 alpha=1.367801E+01
Sufficient decrease condition satisfied, exiting line search
Completed NLCG iteration     8
     with: f=2.406965E+00 m2=5.187241E-01 rms=   1.374133 lambda=1.000000E+00 alpha=1.469009E+01
Starting line search...
  STARTLS: f=2.181856E+00 m2=5.380708E-01 rms=   1.282102 lambda=1.000000E+00 alpha=1.469009E+01
   QUADLS: f=2.164986E+00 m2=5.496415E-01 rms=   1.270962 lambda=1.000000E+00 alpha=2.293563E+01
Sufficient decrease condition satisfied, exiting line search
Completed NLCG iteration     9
     with: f=2.164986E+00 m2=5.496415E-01 rms=   1.270962 lambda=1.000000E+00 alpha=2.168264E+01
Starting line search...
  STARTLS: f=2.097705E+00 m2=5.726296E-01 rms=   1.234939 lambda=1.000000E+00 alpha=2.168264E+01
   QUADLS: f=2.084859E+00 m2=5.666558E-01 rms=   1.232154 lambda=1.000000E+00 alpha=1.626507E+01
Sufficient decrease condition satisfied, exiting line search
Completed NLCG iteration    10
     with: f=2.084859E+00 m2=5.666558E-01 rms=   1.232154 lambda=1.000000E+00 alpha=1.739381E+01
Starting line search...
  STARTLS: f=2.017611E+00 m2=5.780980E-01 rms=   1.199797 lambda=1.000000E+00 alpha=1.739381E+01
   QUADLS: f=2.011794E+00 m2=5.862337E-01 rms=   1.193968 lambda=1.000000E+00 alpha=2.912035E+01
Sufficient decrease condition satisfied, exiting line search
Completed NLCG iteration    11
     with: f=2.011794E+00 m2=5.862337E-01 rms=   1.193968 lambda=1.000000E+00 alpha=2.677357E+01
Starting line search...
  STARTLS: f=1.993298E+00 m2=6.119276E-01 rms=   1.175317 lambda=1.000000E+00 alpha=2.677357E+01
   QUADLS: f=1.970772E+00 m2=6.007046E-01 rms=   1.170499 lambda=1.000000E+00 alpha=1.549366E+01
Sufficient decrease condition satisfied, exiting line search
Completed NLCG iteration    12
     with: f=1.970772E+00 m2=6.007046E-01 rms=   1.170499 lambda=1.000000E+00 alpha=1.631073E+01
Starting line search...
  STARTLS: f=1.936834E+00 m2=6.069840E-01 rms=   1.153191 lambda=1.000000E+00 alpha=1.631073E+01
   QUADLS: f=1.927445E+00 m2=6.144362E-01 rms=   1.145866 lambda=1.000000E+00 alpha=3.471613E+01
Sufficient decrease condition satisfied, exiting line search
Completed NLCG iteration    13
     with: f=1.927445E+00 m2=6.144362E-01 rms=   1.145866 lambda=1.000000E+00 alpha=3.218100E+01
Starting line search...
  STARTLS: f=1.927139E+00 m2=6.335434E-01 rms=   1.137363 lambda=1.000000E+00 alpha=3.218100E+01
   QUADLS: f=1.912852E+00 m2=6.238635E-01 rms=   1.135336 lambda=1.000000E+00 alpha=1.617981E+01
Sufficient decrease condition satisfied, exiting line search
Completed NLCG iteration    14
     with: f=1.912852E+00 m2=6.238635E-01 rms=   1.135336 lambda=1.000000E+00 alpha=1.709443E+01
Starting line search...
  STARTLS: f=1.893638E+00 m2=6.296732E-01 rms=   1.124262 lambda=1.000000E+00 alpha=1.709443E+01
   QUADLS: f=1.890032E+00 m2=6.352236E-01 rms=   1.120182 lambda=1.000000E+00 alpha=3.277128E+01
Sufficient decrease condition satisfied, exiting line search
Completed NLCG iteration    15
     with: f=1.890032E+00 m2=6.352236E-01 rms=   1.120182 lambda=1.000000E+00 alpha=3.031520E+01
Starting line search...
  STARTLS: f=1.880981E+00 m2=6.516663E-01 rms=   1.108745 lambda=1.000000E+00 alpha=3.031520E+01
   QUADLS: f=1.877137E+00 m2=6.456267E-01 rms=   1.109734 lambda=1.000000E+00 alpha=1.953800E+01
Sufficient decrease condition satisfied, exiting line search
Completed NLCG iteration    16
     with: f=1.877137E+00 m2=6.456267E-01 rms=   1.109734 lambda=1.000000E+00 alpha=1.955951E+01
Starting line search...
  STARTLS: f=1.860405E+00 m2=6.526138E-01 rms=   1.098996 lambda=1.000000E+00 alpha=1.955951E+01
   QUADLS: f=1.858757E+00 m2=6.557691E-01 rms=   1.096808 lambda=1.000000E+00 alpha=2.811140E+01
Sufficient decrease condition satisfied, exiting line search
Completed NLCG iteration    17
     with: f=1.858757E+00 m2=6.557691E-01 rms=   1.096808 lambda=1.000000E+00 alpha=2.830288E+01
Starting line search...
  STARTLS: f=1.889703E+00 m2=6.622997E-01 rms=   1.107882 lambda=1.000000E+00 alpha=2.830288E+01
   QUADLS: f=1.856943E+00 m2=6.567283E-01 rms=   1.095543 lambda=1.000000E+00 alpha=4.225568E+00
Sufficient decrease condition satisfied, exiting line search
Completed NLCG iteration    18
     with: f=1.856943E+00 m2=6.567283E-01 rms=   1.095543 lambda=1.000000E+00 alpha=7.872531E+00
Starting line search...
  STARTLS: f=1.855104E+00 m2=6.568400E-01 rms=   1.094652 lambda=1.000000E+00 alpha=7.872531E+00
   QUADLS: f=1.854398E+00 m2=6.571822E-01 rms=   1.094173 lambda=1.000000E+00 alpha=3.023863E+01
Sufficient decrease condition satisfied, exiting line search
Completed NLCG iteration    19
     with: f=1.854398E+00 m2=6.571822E-01 rms=   1.094173 lambda=1.000000E+00 alpha=1.914292E+01
Starting line search...
  STARTLS: f=1.890239E+00 m2=6.568660E-01 rms=   1.110573 lambda=1.000000E+00 alpha=1.914292E+01
   QUADLS: f=1.854268E+00 m2=6.571682E-01 rms=   1.094121 lambda=1.000000E+00 alpha=7.843833E-01
Sufficient decrease condition satisfied, exiting line search
Completed NLCG iteration    20
     with: f=1.854268E+00 m2=6.571682E-01 rms=   1.094121 lambda=1.000000E+00 alpha=1.560648E+00
 The norm of the last gradient is  2.41814E-02
 The value of line search step alpha updated to  4.13541E+01
     Restarting NLCG with the damping parameter updated
       to: f=1.262817E+00 m2=6.571682E-01 rms=   1.094121 lambda=1.000000E-01 alpha=4.135408E+01
Starting line search...
  STARTLS: f=1.292856E+00 m2=6.708520E-01 rms=   1.107145 lambda=1.000000E-01 alpha=4.135408E+01
   QUADLS: f=1.258413E+00 m2=6.601928E-01 rms=   1.091968 lambda=1.000000E-01 alpha=9.221713E+00
Sufficient decrease condition satisfied, exiting line search
Completed NLCG iteration    21
     with: f=1.258413E+00 m2=6.601928E-01 rms=   1.091968 lambda=1.000000E-01 alpha=1.521544E+01
Starting line search...
  STARTLS: f=1.290426E+00 m2=6.646285E-01 rms=   1.106329 lambda=1.000000E-01 alpha=1.521544E+01
   QUADLS: f=1.258018E+00 m2=6.605160E-01 rms=   1.091772 lambda=1.000000E-01 alpha=1.111323E+00
Sufficient decrease condition satisfied, exiting line search
Completed NLCG iteration    22
     with: f=1.258018E+00 m2=6.605160E-01 rms=   1.091772 lambda=1.000000E-01 alpha=2.216820E+00
 The norm of the last gradient is  2.08295E-02
 The value of line search step alpha updated to  4.80087E+01
     Restarting NLCG with the damping parameter updated
       to: f=1.198571E+00 m2=6.605160E-01 rms=   1.091772 lambda=1.000000E-02 alpha=4.800875E+01
Starting line search...
  STARTLS: f=1.216496E+00 m2=6.771619E-01 rms=   1.099875 lambda=1.000000E-02 alpha=4.800875E+01
   QUADLS: f=1.230326E+00 m2=6.649590E-01 rms=   1.106199 lambda=1.000000E-02 alpha=1.290186E+01
Unable to fit a quadratic due to bad gradient estimate, exiting line search
Gradient computed, line search finished
Completed NLCG iteration    23
     with: f=1.216496E+00 m2=6.771619E-01 rms=   1.099875 lambda=1.000000E-02 alpha=************
Starting line search...
  STARTLS: f=1.619342E+00 m2=5.836672E-01 rms=   1.270238 lambda=1.000000E-02 alpha=************
   QUADLS: f=1.202473E+00 m2=7.161008E-01 rms=   1.093303 lambda=1.000000E-02 alpha=3.211038E+01
Sufficient decrease condition satisfied, exiting line search
Completed NLCG iteration    24
     with: f=1.202473E+00 m2=7.161008E-01 rms=   1.093303 lambda=1.000000E-02 alpha=1.349307E+01
Starting line search...
  STARTLS: f=1.271475E+00 m2=7.824750E-01 rms=   1.124122 lambda=1.000000E-02 alpha=1.349307E+01
   QUADLS: f=1.202010E+00 m2=7.118919E-01 rms=   1.093111 lambda=1.000000E-02 alpha=************
Sufficient decrease condition satisfied, exiting line search
Completed NLCG iteration    25
     with: f=1.202010E+00 m2=7.118919E-01 rms=   1.093111 lambda=1.000000E-02 alpha=************
 The norm of the last gradient is  5.81023E-02
 The value of line search step alpha updated to  1.72110E+01
     Restarting NLCG with the damping parameter updated
       to: f=1.195603E+00 m2=7.118919E-01 rms=   1.093111 lambda=1.000000E-03 alpha=1.721102E+01
Starting line search...
  STARTLS: f=1.182639E+00 m2=7.102409E-01 rms=   1.087165 lambda=1.000000E-03 alpha=1.721102E+01
   QUADLS: f=1.176360E+00 m2=7.107938E-01 rms=   1.084273 lambda=1.000000E-03 alpha=1.107721E+01
Sufficient decrease condition satisfied, exiting line search
Completed NLCG iteration    26
     with: f=1.176360E+00 m2=7.107938E-01 rms=   1.084273 lambda=1.000000E-03 alpha=1.151473E+01
Starting line search...
  STARTLS: f=1.172731E+00 m2=7.117117E-01 rms=   1.082598 lambda=1.000000E-03 alpha=1.151473E+01
   QUADLS: f=1.170347E+00 m2=7.146088E-01 rms=   1.081495 lambda=1.000000E-03 alpha=4.655479E+01
Sufficient decrease condition satisfied, exiting line search
Completed NLCG iteration    27
     with: f=1.170347E+00 m2=7.146088E-01 rms=   1.081495 lambda=1.000000E-03 alpha=3.377434E+01
Starting line search...
  STARTLS: f=1.166887E+00 m2=7.310817E-01 rms=   1.079887 lambda=1.000000E-03 alpha=3.377434E+01
   QUADLS: f=1.162379E+00 m2=7.238500E-01 rms=   1.077801 lambda=1.000000E-03 alpha=1.935107E+01
Sufficient decrease condition satisfied, exiting line search
Completed NLCG iteration    28
     with: f=1.162379E+00 m2=7.238500E-01 rms=   1.077801 lambda=1.000000E-03 alpha=2.000561E+01
Starting line search...
  STARTLS: f=1.146390E+00 m2=7.350657E-01 rms=   1.070353 lambda=1.000000E-03 alpha=2.000561E+01
   QUADLS: f=1.144204E+00 m2=7.417526E-01 rms=   1.069328 lambda=1.000000E-03 alpha=3.169111E+01
Sufficient decrease condition satisfied, exiting line search
Completed NLCG iteration    29
     with: f=1.144204E+00 m2=7.417526E-01 rms=   1.069328 lambda=1.000000E-03 alpha=3.143666E+01
Starting line search...
  STARTLS: f=1.134048E+00 m2=7.634378E-01 rms=   1.064559 lambda=1.000000E-03 alpha=3.143666E+01
   QUADLS: f=1.136345E+00 m2=7.575133E-01 rms=   1.065639 lambda=1.000000E-03 alpha=2.299621E+01
Sufficient decrease condition satisfied, exiting line search
Completed NLCG iteration    30
     with: f=1.134048E+00 m2=7.634378E-01 rms=   1.064559 lambda=1.000000E-03 alpha=2.009723E+01
Starting line search...
  STARTLS: f=1.178974E+00 m2=8.159116E-01 rms=   1.085430 lambda=1.000000E-03 alpha=2.009723E+01
   QUADLS: f=1.134140E+00 m2=7.650360E-01 rms=   1.064601 lambda=1.000000E-03 alpha=6.426280E-01
Unable to fit a quadratic due to bad gradient estimate, exiting line search
Gradient computed, line search finished
Completed NLCG iteration    31
     with: f=1.134140E+00 m2=7.650360E-01 rms=   1.064601 lambda=1.000000E-03 alpha=************
 The norm of the last gradient is  5.50357E-02
 The value of line search step alpha updated to  1.81700E+01
     Restarting NLCG with the damping parameter updated
       to: f=1.133451E+00 m2=7.650360E-01 rms=   1.064601 lambda=1.000000E-04 alpha=1.817004E+01
Starting line search...
  STARTLS: f=1.127749E+00 m2=7.642093E-01 rms=   1.061919 lambda=1.000000E-04 alpha=1.817004E+01
   QUADLS: f=1.116779E+00 m2=7.645367E-01 rms=   1.056741 lambda=1.000000E-04 alpha=1.013508E+01
Sufficient decrease condition satisfied, exiting line search
Completed NLCG iteration    32
     with: f=1.116779E+00 m2=7.645367E-01 rms=   1.056741 lambda=1.000000E-04 alpha=1.111896E+01
Starting line search...
  STARTLS: f=1.112899E+00 m2=7.645426E-01 rms=   1.054904 lambda=1.000000E-04 alpha=1.111896E+01
   QUADLS: f=1.112513E+00 m2=7.645610E-01 rms=   1.054721 lambda=1.000000E-04 alpha=1.919558E+01
Sufficient decrease condition satisfied, exiting line search
Completed NLCG iteration    33
     with: f=1.112513E+00 m2=7.645610E-01 rms=   1.054721 lambda=1.000000E-04 alpha=1.754217E+01
Starting line search...
  STARTLS: f=1.110268E+00 m2=7.651608E-01 rms=   1.053656 lambda=1.000000E-04 alpha=1.754217E+01
   QUADLS: f=1.110275E+00 m2=7.655184E-01 rms=   1.053660 lambda=1.000000E-04 alpha=2.761388E+01
Sufficient decrease condition satisfied, exiting line search
Completed NLCG iteration    34
     with: f=1.110268E+00 m2=7.651608E-01 rms=   1.053656 lambda=1.000000E-04 alpha=2.417979E+01
Starting line search...
  STARTLS: f=1.106131E+00 m2=7.686559E-01 rms=   1.051691 lambda=1.000000E-04 alpha=2.417979E+01
   QUADLS: f=1.105170E+00 m2=7.736766E-01 rms=   1.051234 lambda=1.000000E-04 alpha=5.824705E+01
Sufficient decrease condition satisfied, exiting line search
Completed NLCG iteration    35
     with: f=1.105170E+00 m2=7.736766E-01 rms=   1.051234 lambda=1.000000E-04 alpha=4.768863E+01
Starting line search...
  STARTLS: f=1.113521E+00 m2=8.056197E-01 rms=   1.055197 lambda=1.000000E-04 alpha=4.768863E+01
   QUADLS: f=1.101722E+00 m2=7.845998E-01 rms=   1.049592 lambda=1.000000E-04 alpha=1.692329E+01
Sufficient decrease condition satisfied, exiting line search
Completed NLCG iteration    36
     with: f=1.101722E+00 m2=7.845998E-01 rms=   1.049592 lambda=1.000000E-04 alpha=1.627006E+01
         NLCG iterations:   36    function evaluations:   73
 The initial damping parameter lambda is  1.0E+00
 The initial line search step size (in model units) is    10.000000
    START: f=1.025457E+02 m2=0.000000E+00 rms=  10.126486 lambda=1.000000E+00 alpha=2.000000E+01
 The initial damping parameter lambda is  1.0E+00
 The initial line search step size (in model units) is    10.000000
    START: f=1.025457E+02 m2=0.000000E+00 rms=  10.126486 lambda=1.000000E+00 alpha=2.000000E+01
